* Sat Jun 19 03:49:42 UTC 2021
* Sat Jun 19 15:18:15 UTC 2021
* Sun Jun 20 02:00:19 UTC 2021
* Sun Jun 20 11:02:05 UTC 2021
* Mon Jun 21 11:02:22 UTC 2021
* Tue Jun 22 11:02:25 UTC 2021
* Wed Jun 23 11:02:25 UTC 2021
* Thu Jun 24 11:02:28 UTC 2021
* Fri Jun 25 11:02:22 UTC 2021
* Sat Jun 26 11:02:35 UTC 2021
* Sun Jun 27 11:02:37 UTC 2021
* Mon Jun 28 11:02:41 UTC 2021
* Tue Jun 29 11:02:44 UTC 2021
* Wed Jun 30 11:03:07 UTC 2021
* Thu Jul  1 11:03:01 UTC 2021
* Fri Jul  2 11:28:07 UTC 2021
* Sat Jul  3 11:02:52 UTC 2021
* Sun Jul  4 11:02:57 UTC 2021
* Mon Jul  5 11:02:31 UTC 2021
* Tue Jul  6 11:03:03 UTC 2021
* Wed Jul  7 11:02:36 UTC 2021
* Thu Jul  8 11:02:43 UTC 2021
* Fri Jul  9 11:02:38 UTC 2021
* Sat Jul 10 11:02:33 UTC 2021
* Sun Jul 11 11:02:45 UTC 2021
* Mon Jul 12 11:02:44 UTC 2021
* Tue Jul 13 11:02:35 UTC 2021
* Wed Jul 14 11:02:49 UTC 2021
* Thu Jul 15 11:02:42 UTC 2021
* Fri Jul 16 11:02:45 UTC 2021
* Sat Jul 17 11:02:59 UTC 2021
* Sun Jul 18 11:02:37 UTC 2021
* Mon Jul 19 11:02:52 UTC 2021
* Tue Jul 20 11:02:54 UTC 2021
* Wed Jul 21 11:02:54 UTC 2021
* Thu Jul 22 11:02:53 UTC 2021
* Fri Jul 23 11:02:57 UTC 2021
* Sat Jul 24 11:02:47 UTC 2021
* Sun Jul 25 11:02:47 UTC 2021
* Mon Jul 26 11:04:27 UTC 2021
* Tue Jul 27 11:02:46 UTC 2021
* Wed Jul 28 11:02:50 UTC 2021
* Thu Jul 29 11:03:16 UTC 2021
* Fri Jul 30 11:02:43 UTC 2021
* Sat Jul 31 11:02:44 UTC 2021
* Sun Aug  1 11:02:46 UTC 2021
* Mon Aug  2 11:02:52 UTC 2021
* Tue Aug  3 11:02:38 UTC 2021
* Wed Aug  4 11:02:37 UTC 2021
* Thu Aug  5 11:02:47 UTC 2021
* Fri Aug  6 11:03:15 UTC 2021
* Sat Aug  7 11:02:52 UTC 2021
* Sun Aug  8 11:03:15 UTC 2021
* Mon Aug  9 11:02:47 UTC 2021
* Tue Aug 10 11:02:45 UTC 2021
* Wed Aug 11 11:02:53 UTC 2021
* Thu Aug 12 11:02:52 UTC 2021
* Fri Aug 13 11:02:38 UTC 2021
* Sat Aug 14 11:02:48 UTC 2021
* Sun Aug 15 11:02:52 UTC 2021
* Mon Aug 16 11:02:42 UTC 2021
* Tue Aug 17 11:02:43 UTC 2021
* Wed Aug 18 11:03:09 UTC 2021
* Thu Aug 19 11:02:54 UTC 2021
* Fri Aug 20 11:03:04 UTC 2021
* Sat Aug 21 11:02:44 UTC 2021
* Sun Aug 22 11:02:51 UTC 2021
* Mon Aug 23 11:02:53 UTC 2021
* Tue Aug 24 11:02:58 UTC 2021
* Wed Aug 25 11:02:46 UTC 2021
* Thu Aug 26 11:02:47 UTC 2021
* Fri Aug 27 11:02:52 UTC 2021
* Sat Aug 28 11:03:02 UTC 2021
* Sun Aug 29 11:02:51 UTC 2021
* Mon Aug 30 11:02:48 UTC 2021
* Tue Aug 31 11:03:03 UTC 2021
